<?xml version="1.0" encoding="UTF-8"?>
<testng-results skipped="0" failed="0" total="1" passed="1">
  <reporter-output>
  </reporter-output>
  <suite name="Default suite" duration-ms="20842" started-at="2018-09-06T17:08:35Z" finished-at="2018-09-06T17:08:56Z">
    <groups>
    </groups>
    <test name="Default test" duration-ms="20842" started-at="2018-09-06T17:08:35Z" finished-at="2018-09-06T17:08:56Z">
      <class name="com.backbase.ui.automation.EditComputer">
        <test-method status="PASS" signature="loadHomePage()[pri:0, instance:com.backbase.ui.automation.EditComputer@5702b3b1]" name="loadHomePage" is-config="true" duration-ms="6235" started-at="2018-09-06T22:38:35Z" finished-at="2018-09-06T22:38:42Z">
          <reporter-output>
          </reporter-output>
        </test-method> <!-- loadHomePage -->
        <test-method status="PASS" signature="verifyComputerNameAfterChange()[pri:0, instance:com.backbase.ui.automation.EditComputer@5702b3b1]" name="verifyComputerNameAfterChange" duration-ms="14435" started-at="2018-09-06T22:38:42Z" finished-at="2018-09-06T22:38:56Z">
          <reporter-output>
          </reporter-output>
        </test-method> <!-- verifyComputerNameAfterChange -->
        <test-method status="PASS" signature="closeBrowser()[pri:0, instance:com.backbase.ui.automation.EditComputer@5702b3b1]" name="closeBrowser" is-config="true" duration-ms="148" started-at="2018-09-06T22:38:56Z" finished-at="2018-09-06T22:38:56Z">
          <reporter-output>
          </reporter-output>
        </test-method> <!-- closeBrowser -->
      </class> <!-- com.backbase.ui.automation.EditComputer -->
    </test> <!-- Default test -->
  </suite> <!-- Default suite -->
</testng-results>
